This is pdfTeX, Version 3.141592653-2.6-1.40.25 (TeX Live 2023/Debian) (preloaded format=pdflatex 2024.5.21)  9 DEC 2024 15:42
entering extended mode
 restricted \write18 enabled.
 %&-line parsing enabled.
**edo.tex
(./edo.tex
LaTeX2e <2023-11-01> patch level 1
L3 programming layer <2024-01-22>
(/usr/share/texlive/texmf-dist/tex/latex/beamer/beamer.cls
Document Class: beamer 2024/01/06 v3.71 A class for typesetting presentations
(/usr/share/texlive/texmf-dist/tex/latex/beamer/beamerbasemodes.sty (/usr/share
/texlive/texmf-dist/tex/latex/etoolbox/etoolbox.sty
Package: etoolbox 2020/10/05 v2.5k e-TeX tools for LaTeX (JAW)
\etb@tempcnta=\count187
)
\beamer@tempbox=\box51
\beamer@tempcount=\count188
\c@beamerpauses=\count189
(/usr/share/texlive/texmf-dist/tex/latex/beamer/beamerbasedecode.sty
\beamer@slideinframe=\count190
\beamer@minimum=\count191
\beamer@decode@box=\box52
)
\beamer@commentbox=\box53
\beamer@modecount=\count192
) (/usr/share/texlive/texmf-dist/tex/generic/iftex/iftex.sty
Package: iftex 2022/02/03 v1.0f TeX engine tests
)
\headdp=\dimen140
\footheight=\dimen141
\sidebarheight=\dimen142
\beamer@tempdim=\dimen143
\beamer@finalheight=\dimen144
\beamer@animht=\dimen145
\beamer@animdp=\dimen146
\beamer@animwd=\dimen147
\beamer@leftmargin=\dimen148
\beamer@rightmargin=\dimen149
\beamer@leftsidebar=\dimen150
\beamer@rightsidebar=\dimen151
\beamer@boxsize=\dimen152
\beamer@vboxoffset=\dimen153
\beamer@descdefault=\dimen154
\beamer@descriptionwidth=\dimen155
\beamer@lastskip=\skip48
\beamer@areabox=\box54
\beamer@animcurrent=\box55
\beamer@animshowbox=\box56
\beamer@sectionbox=\box57
\beamer@logobox=\box58
\beamer@linebox=\box59
\beamer@sectioncount=\count193
\beamer@subsubsectionmax=\count194
\beamer@subsectionmax=\count195
\beamer@sectionmax=\count196
\beamer@totalheads=\count197
\beamer@headcounter=\count198
\beamer@partstartpage=\count199
\beamer@sectionstartpage=\count266
\beamer@subsectionstartpage=\count267
\beamer@animationtempa=\count268
\beamer@animationtempb=\count269
\beamer@xpos=\count270
\beamer@ypos=\count271
\beamer@ypos@offset=\count272
\beamer@showpartnumber=\count273
\beamer@currentsubsection=\count274
\beamer@coveringdepth=\count275
\beamer@sectionadjust=\count276
\beamer@toclastsection=\count277
\beamer@tocsectionnumber=\count278
(/usr/share/texlive/texmf-dist/tex/latex/beamer/beamerbaseoptions.sty (/usr/sha
re/texlive/texmf-dist/tex/latex/graphics/keyval.sty
Package: keyval 2022/05/29 v1.15 key=value parser (DPC)
\KV@toks@=\toks17
))
\beamer@paperwidth=\skip49
\beamer@paperheight=\skip50
(/usr/share/texlive/texmf-dist/tex/latex/geometry/geometry.sty
Package: geometry 2020/01/02 v5.9 Page Geometry
(/usr/share/texlive/texmf-dist/tex/generic/iftex/ifvtex.sty
Package: ifvtex 2019/10/25 v1.7 ifvtex legacy package. Use iftex instead.
)
\Gm@cnth=\count279
\Gm@cntv=\count280
\c@Gm@tempcnt=\count281
\Gm@bindingoffset=\dimen156
\Gm@wd@mp=\dimen157
\Gm@odd@mp=\dimen158
\Gm@even@mp=\dimen159
\Gm@layoutwidth=\dimen160
\Gm@layoutheight=\dimen161
\Gm@layouthoffset=\dimen162
\Gm@layoutvoffset=\dimen163
\Gm@dimlist=\toks18
) (/usr/share/texlive/texmf-dist/tex/latex/pgf/math/pgfmath.sty (/usr/share/tex
live/texmf-dist/tex/latex/pgf/utilities/pgfrcs.sty (/usr/share/texlive/texmf-di
st/tex/generic/pgf/utilities/pgfutil-common.tex
\pgfutil@everybye=\toks19
\pgfutil@tempdima=\dimen164
\pgfutil@tempdimb=\dimen165
) (/usr/share/texlive/texmf-dist/tex/generic/pgf/utilities/pgfutil-latex.def
\pgfutil@abb=\box60
) (/usr/share/texlive/texmf-dist/tex/generic/pgf/utilities/pgfrcs.code.tex (/us
r/share/texlive/texmf-dist/tex/generic/pgf/pgf.revision.tex)
Package: pgfrcs 2023-01-15 v3.1.10 (3.1.10)
)) (/usr/share/texlive/texmf-dist/tex/latex/pgf/utilities/pgfkeys.sty (/usr/sha
re/texlive/texmf-dist/tex/generic/pgf/utilities/pgfkeys.code.tex
\pgfkeys@pathtoks=\toks20
\pgfkeys@temptoks=\toks21

(/usr/share/texlive/texmf-dist/tex/generic/pgf/utilities/pgfkeyslibraryfiltered
.code.tex
\pgfkeys@tmptoks=\toks22
))) (/usr/share/texlive/texmf-dist/tex/generic/pgf/math/pgfmath.code.tex (/usr/
share/texlive/texmf-dist/tex/generic/pgf/math/pgfmathutil.code.tex
\pgf@x=\dimen166
\pgf@xa=\dimen167
\pgf@xb=\dimen168
\pgf@xc=\dimen169
\pgf@y=\dimen170
\pgf@ya=\dimen171
\pgf@yb=\dimen172
\pgf@yc=\dimen173
\c@pgf@counta=\count282
\c@pgf@countb=\count283
\c@pgf@countc=\count284
\c@pgf@countd=\count285
) (/usr/share/texlive/texmf-dist/tex/generic/pgf/math/pgfmathparser.code.tex
\pgfmath@dimen=\dimen174
\pgfmath@count=\count286
\pgfmath@box=\box61
\pgfmath@toks=\toks23
\pgfmath@stack@operand=\toks24
\pgfmath@stack@operation=\toks25
) (/usr/share/texlive/texmf-dist/tex/generic/pgf/math/pgfmathfunctions.code.tex
)
(/usr/share/texlive/texmf-dist/tex/generic/pgf/math/pgfmathfunctions.basic.code
.tex)
(/usr/share/texlive/texmf-dist/tex/generic/pgf/math/pgfmathfunctions.trigonomet
ric.code.tex)
(/usr/share/texlive/texmf-dist/tex/generic/pgf/math/pgfmathfunctions.random.cod
e.tex)
(/usr/share/texlive/texmf-dist/tex/generic/pgf/math/pgfmathfunctions.comparison
.code.tex)
(/usr/share/texlive/texmf-dist/tex/generic/pgf/math/pgfmathfunctions.base.code.
tex)
(/usr/share/texlive/texmf-dist/tex/generic/pgf/math/pgfmathfunctions.round.code
.tex)
(/usr/share/texlive/texmf-dist/tex/generic/pgf/math/pgfmathfunctions.misc.code.
tex)
(/usr/share/texlive/texmf-dist/tex/generic/pgf/math/pgfmathfunctions.integerari
thmetics.code.tex) (/usr/share/texlive/texmf-dist/tex/generic/pgf/math/pgfmathc
alc.code.tex) (/usr/share/texlive/texmf-dist/tex/generic/pgf/math/pgfmathfloat.
code.tex
\c@pgfmathroundto@lastzeros=\count287
))) (/usr/share/texlive/texmf-dist/tex/latex/base/size11.clo
File: size11.clo 2023/05/17 v1.4n Standard LaTeX file (size option)
) (/usr/share/texlive/texmf-dist/tex/latex/pgf/basiclayer/pgfcore.sty (/usr/sha
re/texlive/texmf-dist/tex/latex/graphics/graphicx.sty
Package: graphicx 2021/09/16 v1.2d Enhanced LaTeX Graphics (DPC,SPQR)
(/usr/share/texlive/texmf-dist/tex/latex/graphics/graphics.sty
Package: graphics 2022/03/10 v1.4e Standard LaTeX Graphics (DPC,SPQR)
(/usr/share/texlive/texmf-dist/tex/latex/graphics/trig.sty
Package: trig 2021/08/11 v1.11 sin cos tan (DPC)
) (/usr/share/texlive/texmf-dist/tex/latex/graphics-cfg/graphics.cfg
File: graphics.cfg 2016/06/04 v1.11 sample graphics configuration
)
Package graphics Info: Driver file: pdftex.def on input line 107.
(/usr/share/texlive/texmf-dist/tex/latex/graphics-def/pdftex.def
File: pdftex.def 2022/09/22 v1.2b Graphics/color driver for pdftex
))
\Gin@req@height=\dimen175
\Gin@req@width=\dimen176
) (/usr/share/texlive/texmf-dist/tex/latex/pgf/systemlayer/pgfsys.sty (/usr/sha
re/texlive/texmf-dist/tex/generic/pgf/systemlayer/pgfsys.code.tex
Package: pgfsys 2023-01-15 v3.1.10 (3.1.10)
\pgf@x=\dimen177
\pgf@y=\dimen178
\pgf@xa=\dimen179
\pgf@ya=\dimen180
\pgf@xb=\dimen181
\pgf@yb=\dimen182
\pgf@xc=\dimen183
\pgf@yc=\dimen184
\pgf@xd=\dimen185
\pgf@yd=\dimen186
\w@pgf@writea=\write3
\r@pgf@reada=\read2
\c@pgf@counta=\count288
\c@pgf@countb=\count289
\c@pgf@countc=\count290
\c@pgf@countd=\count291
\t@pgf@toka=\toks26
\t@pgf@tokb=\toks27
\t@pgf@tokc=\toks28
\pgf@sys@id@count=\count292
(/usr/share/texlive/texmf-dist/tex/generic/pgf/systemlayer/pgf.cfg
File: pgf.cfg 2023-01-15 v3.1.10 (3.1.10)
)
Driver file for pgf: pgfsys-pdftex.def
(/usr/share/texlive/texmf-dist/tex/generic/pgf/systemlayer/pgfsys-pdftex.def
File: pgfsys-pdftex.def 2023-01-15 v3.1.10 (3.1.10)

(/usr/share/texlive/texmf-dist/tex/generic/pgf/systemlayer/pgfsys-common-pdf.de
f
File: pgfsys-common-pdf.def 2023-01-15 v3.1.10 (3.1.10)
)))
(/usr/share/texlive/texmf-dist/tex/generic/pgf/systemlayer/pgfsyssoftpath.code.
tex
File: pgfsyssoftpath.code.tex 2023-01-15 v3.1.10 (3.1.10)
\pgfsyssoftpath@smallbuffer@items=\count293
\pgfsyssoftpath@bigbuffer@items=\count294
)
(/usr/share/texlive/texmf-dist/tex/generic/pgf/systemlayer/pgfsysprotocol.code.
tex
File: pgfsysprotocol.code.tex 2023-01-15 v3.1.10 (3.1.10)
)) (/usr/share/texlive/texmf-dist/tex/latex/xcolor/xcolor.sty
Package: xcolor 2023/11/15 v3.01 LaTeX color extensions (UK)
(/usr/share/texlive/texmf-dist/tex/latex/graphics-cfg/color.cfg
File: color.cfg 2016/01/02 v1.6 sample color configuration
)

Package xcolor Warning: Package option `usenames' is obsolete and ignored on in
put line 266.

Package xcolor Info: Driver file: pdftex.def on input line 274.
(/usr/share/texlive/texmf-dist/tex/latex/graphics/mathcolor.ltx)
Package xcolor Info: Model `cmy' substituted by `cmy0' on input line 1350.
Package xcolor Info: Model `hsb' substituted by `rgb' on input line 1354.
Package xcolor Info: Model `RGB' extended on input line 1366.
Package xcolor Info: Model `HTML' substituted by `rgb' on input line 1368.
Package xcolor Info: Model `Hsb' substituted by `hsb' on input line 1369.
Package xcolor Info: Model `tHsb' substituted by `hsb' on input line 1370.
Package xcolor Info: Model `HSB' substituted by `hsb' on input line 1371.
Package xcolor Info: Model `Gray' substituted by `gray' on input line 1372.
Package xcolor Info: Model `wave' substituted by `hsb' on input line 1373.
) (/usr/share/texlive/texmf-dist/tex/latex/graphics/dvipsnam.def
File: dvipsnam.def 2016/06/17 v3.0m Driver-dependent file (DPC,SPQR)
) (/usr/share/texlive/texmf-dist/tex/generic/pgf/basiclayer/pgfcore.code.tex
Package: pgfcore 2023-01-15 v3.1.10 (3.1.10)
(/usr/share/texlive/texmf-dist/tex/generic/pgf/math/pgfint.code.tex)
(/usr/share/texlive/texmf-dist/tex/generic/pgf/basiclayer/pgfcorepoints.code.te
x
File: pgfcorepoints.code.tex 2023-01-15 v3.1.10 (3.1.10)
\pgf@picminx=\dimen187
\pgf@picmaxx=\dimen188
\pgf@picminy=\dimen189
\pgf@picmaxy=\dimen190
\pgf@pathminx=\dimen191
\pgf@pathmaxx=\dimen192
\pgf@pathminy=\dimen193
\pgf@pathmaxy=\dimen194
\pgf@xx=\dimen195
\pgf@xy=\dimen196
\pgf@yx=\dimen197
\pgf@yy=\dimen198
\pgf@zx=\dimen199
\pgf@zy=\dimen256
)
(/usr/share/texlive/texmf-dist/tex/generic/pgf/basiclayer/pgfcorepathconstruct.
code.tex
File: pgfcorepathconstruct.code.tex 2023-01-15 v3.1.10 (3.1.10)
\pgf@path@lastx=\dimen257
\pgf@path@lasty=\dimen258
)
(/usr/share/texlive/texmf-dist/tex/generic/pgf/basiclayer/pgfcorepathusage.code
.tex
File: pgfcorepathusage.code.tex 2023-01-15 v3.1.10 (3.1.10)
\pgf@shorten@end@additional=\dimen259
\pgf@shorten@start@additional=\dimen260
)
(/usr/share/texlive/texmf-dist/tex/generic/pgf/basiclayer/pgfcorescopes.code.te
x
File: pgfcorescopes.code.tex 2023-01-15 v3.1.10 (3.1.10)
\pgfpic=\box62
\pgf@hbox=\box63
\pgf@layerbox@main=\box64
\pgf@picture@serial@count=\count295
)
(/usr/share/texlive/texmf-dist/tex/generic/pgf/basiclayer/pgfcoregraphicstate.c
ode.tex
File: pgfcoregraphicstate.code.tex 2023-01-15 v3.1.10 (3.1.10)
\pgflinewidth=\dimen261
)
(/usr/share/texlive/texmf-dist/tex/generic/pgf/basiclayer/pgfcoretransformation
s.code.tex
File: pgfcoretransformations.code.tex 2023-01-15 v3.1.10 (3.1.10)
\pgf@pt@x=\dimen262
\pgf@pt@y=\dimen263
\pgf@pt@temp=\dimen264
)
(/usr/share/texlive/texmf-dist/tex/generic/pgf/basiclayer/pgfcorequick.code.tex
File: pgfcorequick.code.tex 2023-01-15 v3.1.10 (3.1.10)
)
(/usr/share/texlive/texmf-dist/tex/generic/pgf/basiclayer/pgfcoreobjects.code.t
ex
File: pgfcoreobjects.code.tex 2023-01-15 v3.1.10 (3.1.10)
)
(/usr/share/texlive/texmf-dist/tex/generic/pgf/basiclayer/pgfcorepathprocessing
.code.tex
File: pgfcorepathprocessing.code.tex 2023-01-15 v3.1.10 (3.1.10)
)
(/usr/share/texlive/texmf-dist/tex/generic/pgf/basiclayer/pgfcorearrows.code.te
x
File: pgfcorearrows.code.tex 2023-01-15 v3.1.10 (3.1.10)
\pgfarrowsep=\dimen265
)
(/usr/share/texlive/texmf-dist/tex/generic/pgf/basiclayer/pgfcoreshade.code.tex
File: pgfcoreshade.code.tex 2023-01-15 v3.1.10 (3.1.10)
\pgf@max=\dimen266
\pgf@sys@shading@range@num=\count296
\pgf@shadingcount=\count297
)
(/usr/share/texlive/texmf-dist/tex/generic/pgf/basiclayer/pgfcoreimage.code.tex
File: pgfcoreimage.code.tex 2023-01-15 v3.1.10 (3.1.10)
)
(/usr/share/texlive/texmf-dist/tex/generic/pgf/basiclayer/pgfcoreexternal.code.
tex
File: pgfcoreexternal.code.tex 2023-01-15 v3.1.10 (3.1.10)
\pgfexternal@startupbox=\box65
)
(/usr/share/texlive/texmf-dist/tex/generic/pgf/basiclayer/pgfcorelayers.code.te
x
File: pgfcorelayers.code.tex 2023-01-15 v3.1.10 (3.1.10)
)
(/usr/share/texlive/texmf-dist/tex/generic/pgf/basiclayer/pgfcoretransparency.c
ode.tex
File: pgfcoretransparency.code.tex 2023-01-15 v3.1.10 (3.1.10)
)
(/usr/share/texlive/texmf-dist/tex/generic/pgf/basiclayer/pgfcorepatterns.code.
tex
File: pgfcorepatterns.code.tex 2023-01-15 v3.1.10 (3.1.10)
) (/usr/share/texlive/texmf-dist/tex/generic/pgf/basiclayer/pgfcorerdf.code.tex
File: pgfcorerdf.code.tex 2023-01-15 v3.1.10 (3.1.10)
))) (/usr/share/texlive/texmf-dist/tex/latex/pgf/utilities/xxcolor.sty
Package: xxcolor 2003/10/24 ver 0.1

Package xcolor Warning: Package option `usenames' is obsolete and ignored on in
put line 14.

\XC@nummixins=\count298
\XC@countmixins=\count299
) (/usr/share/texlive/texmf-dist/tex/latex/base/atbegshi-ltx.sty
Package: atbegshi-ltx 2021/01/10 v1.0c Emulation of the original atbegshi
package with kernel methods
) (/usr/share/texlive/texmf-dist/tex/latex/hyperref/hyperref.sty
Package: hyperref 2024-01-20 v7.01h Hypertext links for LaTeX
(/usr/share/texlive/texmf-dist/tex/latex/kvsetkeys/kvsetkeys.sty
Package: kvsetkeys 2022-10-05 v1.19 Key value parser (HO)
) (/usr/share/texlive/texmf-dist/tex/generic/kvdefinekeys/kvdefinekeys.sty
Package: kvdefinekeys 2019-12-19 v1.6 Define keys (HO)
) (/usr/share/texlive/texmf-dist/tex/generic/pdfescape/pdfescape.sty
Package: pdfescape 2019/12/09 v1.15 Implements pdfTeX's escape features (HO)
(/usr/share/texlive/texmf-dist/tex/generic/ltxcmds/ltxcmds.sty
Package: ltxcmds 2023-12-04 v1.26 LaTeX kernel commands for general use (HO)
) (/usr/share/texlive/texmf-dist/tex/generic/pdftexcmds/pdftexcmds.sty
Package: pdftexcmds 2020-06-27 v0.33 Utility functions of pdfTeX for LuaTeX (HO
)
(/usr/share/texlive/texmf-dist/tex/generic/infwarerr/infwarerr.sty
Package: infwarerr 2019/12/03 v1.5 Providing info/warning/error messages (HO)
)
Package pdftexcmds Info: \pdf@primitive is available.
Package pdftexcmds Info: \pdf@ifprimitive is available.
Package pdftexcmds Info: \pdfdraftmode found.
)) (/usr/share/texlive/texmf-dist/tex/latex/hycolor/hycolor.sty
Package: hycolor 2020-01-27 v1.10 Color options for hyperref/bookmark (HO)
) (/usr/share/texlive/texmf-dist/tex/latex/auxhook/auxhook.sty
Package: auxhook 2019-12-17 v1.6 Hooks for auxiliary files (HO)
) (/usr/share/texlive/texmf-dist/tex/latex/hyperref/nameref.sty
Package: nameref 2023-11-26 v2.56 Cross-referencing by name of section
(/usr/share/texlive/texmf-dist/tex/latex/refcount/refcount.sty
Package: refcount 2019/12/15 v3.6 Data extraction from label references (HO)
) (/usr/share/texlive/texmf-dist/tex/generic/gettitlestring/gettitlestring.sty
Package: gettitlestring 2019/12/15 v1.6 Cleanup title references (HO)
(/usr/share/texlive/texmf-dist/tex/latex/kvoptions/kvoptions.sty
Package: kvoptions 2022-06-15 v3.15 Key value format for package options (HO)
))
\c@section@level=\count300
)
\@linkdim=\dimen267
\Hy@linkcounter=\count301
\Hy@pagecounter=\count302
(/usr/share/texlive/texmf-dist/tex/latex/hyperref/pd1enc.def
File: pd1enc.def 2024-01-20 v7.01h Hyperref: PDFDocEncoding definition (HO)
Now handling font encoding PD1 ...
... no UTF-8 mapping file for font encoding PD1
) (/usr/share/texlive/texmf-dist/tex/generic/intcalc/intcalc.sty
Package: intcalc 2019/12/15 v1.3 Expandable calculations with integers (HO)
)
\Hy@SavedSpaceFactor=\count303
(/usr/share/texlive/texmf-dist/tex/latex/hyperref/puenc.def
File: puenc.def 2024-01-20 v7.01h Hyperref: PDF Unicode definition (HO)
Now handling font encoding PU ...
... no UTF-8 mapping file for font encoding PU
)
Package hyperref Info: Option `bookmarks' set `true' on input line 4062.
Package hyperref Info: Option `bookmarksopen' set `true' on input line 4062.
Package hyperref Info: Option `implicit' set `false' on input line 4062.
Package hyperref Info: Hyper figures OFF on input line 4179.
Package hyperref Info: Link nesting OFF on input line 4184.
Package hyperref Info: Hyper index ON on input line 4187.
Package hyperref Info: Plain pages OFF on input line 4194.
Package hyperref Info: Backreferencing OFF on input line 4199.
Package hyperref Info: Implicit mode OFF; no redefinition of LaTeX internals.
Package hyperref Info: Bookmarks ON on input line 4446.
\c@Hy@tempcnt=\count304
(/usr/share/texlive/texmf-dist/tex/latex/url/url.sty
\Urlmuskip=\muskip16
Package: url 2013/09/16  ver 3.4  Verb mode for urls, etc.
)
LaTeX Info: Redefining \url on input line 4784.
\XeTeXLinkMargin=\dimen268
(/usr/share/texlive/texmf-dist/tex/generic/bitset/bitset.sty
Package: bitset 2019/12/09 v1.3 Handle bit-vector datatype (HO)
(/usr/share/texlive/texmf-dist/tex/generic/bigintcalc/bigintcalc.sty
Package: bigintcalc 2019/12/15 v1.5 Expandable calculations on big integers (HO
)
))
\Fld@menulength=\count305
\Field@Width=\dimen269
\Fld@charsize=\dimen270
Package hyperref Info: Hyper figures OFF on input line 6063.
Package hyperref Info: Link nesting OFF on input line 6068.
Package hyperref Info: Hyper index ON on input line 6071.
Package hyperref Info: backreferencing OFF on input line 6078.
Package hyperref Info: Link coloring OFF on input line 6083.
Package hyperref Info: Link coloring with OCG OFF on input line 6088.
Package hyperref Info: PDF/A mode OFF on input line 6093.
\Hy@abspage=\count306

Package hyperref Message: Stopped early.

)
Package hyperref Info: Driver (autodetected): hpdftex.
(/usr/share/texlive/texmf-dist/tex/latex/hyperref/hpdftex.def
File: hpdftex.def 2024-01-20 v7.01h Hyperref driver for pdfTeX
(/usr/share/texlive/texmf-dist/tex/latex/base/atveryend-ltx.sty
Package: atveryend-ltx 2020/08/19 v1.0a Emulation of the original atveryend pac
kage
with kernel methods
)
\Fld@listcount=\count307
\c@bookmark@seq@number=\count308
(/usr/share/texlive/texmf-dist/tex/latex/rerunfilecheck/rerunfilecheck.sty
Package: rerunfilecheck 2022-07-10 v1.10 Rerun checks for auxiliary files (HO)
(/usr/share/texlive/texmf-dist/tex/generic/uniquecounter/uniquecounter.sty
Package: uniquecounter 2019/12/15 v1.4 Provide unlimited unique counter (HO)
)
Package uniquecounter Info: New unique counter `rerunfilecheck' on input line 2
85.
)) (/usr/share/texlive/texmf-dist/tex/latex/beamer/beamerbaserequires.sty (/usr
/share/texlive/texmf-dist/tex/latex/beamer/beamerbasecompatibility.sty) (/usr/s
hare/texlive/texmf-dist/tex/latex/beamer/beamerbasefont.sty (/usr/share/texlive
/texmf-dist/tex/latex/amsfonts/amssymb.sty
Package: amssymb 2013/01/14 v3.01 AMS font symbols
(/usr/share/texlive/texmf-dist/tex/latex/amsfonts/amsfonts.sty
Package: amsfonts 2013/01/14 v3.01 Basic AMSFonts support
\@emptytoks=\toks29
\symAMSa=\mathgroup4
\symAMSb=\mathgroup5
LaTeX Font Info:    Redeclaring math symbol \hbar on input line 98.
LaTeX Font Info:    Overwriting math alphabet `\mathfrak' in version `bold'
(Font)                  U/euf/m/n --> U/euf/b/n on input line 106.
)) (/usr/share/texlive/texmf-dist/tex/latex/sansmathaccent/sansmathaccent.sty
Package: sansmathaccent 2020/01/31
(/usr/share/texlive/texmf-dist/tex/latex/koma-script/scrlfile.sty
Package: scrlfile 2023/07/07 v3.41 KOMA-Script package (file load hooks)
(/usr/share/texlive/texmf-dist/tex/latex/koma-script/scrlfile-hook.sty
Package: scrlfile-hook 2023/07/07 v3.41 KOMA-Script package (using LaTeX hooks)

(/usr/share/texlive/texmf-dist/tex/latex/koma-script/scrlogo.sty
Package: scrlogo 2023/07/07 v3.41 KOMA-Script package (logo)
))))) (/usr/share/texlive/texmf-dist/tex/latex/beamer/beamerbasetranslator.sty 
(/usr/share/texlive/texmf-dist/tex/latex/translator/translator.sty
Package: translator 2021-05-31 v1.12d Easy translation of strings in LaTeX
)) (/usr/share/texlive/texmf-dist/tex/latex/beamer/beamerbasemisc.sty) (/usr/sh
are/texlive/texmf-dist/tex/latex/beamer/beamerbasetwoscreens.sty) (/usr/share/t
exlive/texmf-dist/tex/latex/beamer/beamerbaseoverlay.sty
\beamer@argscount=\count309
\beamer@lastskipcover=\skip51
\beamer@trivlistdepth=\count310
) (/usr/share/texlive/texmf-dist/tex/latex/beamer/beamerbasetitle.sty) (/usr/sh
are/texlive/texmf-dist/tex/latex/beamer/beamerbasesection.sty
\c@lecture=\count311
\c@part=\count312
\c@section=\count313
\c@subsection=\count314
\c@subsubsection=\count315
) (/usr/share/texlive/texmf-dist/tex/latex/beamer/beamerbaseframe.sty
\beamer@framebox=\box66
\beamer@frametitlebox=\box67
\beamer@zoombox=\box68
\beamer@zoomcount=\count316
\beamer@zoomframecount=\count317
\beamer@frametextheight=\dimen271
\c@subsectionslide=\count318
\beamer@frametopskip=\skip52
\beamer@framebottomskip=\skip53
\beamer@frametopskipautobreak=\skip54
\beamer@framebottomskipautobreak=\skip55
\beamer@envbody=\toks30
\framewidth=\dimen272
\c@framenumber=\count319
) (/usr/share/texlive/texmf-dist/tex/latex/beamer/beamerbaseverbatim.sty
\beamer@verbatimfileout=\write4
) (/usr/share/texlive/texmf-dist/tex/latex/beamer/beamerbaseframesize.sty
\beamer@splitbox=\box69
\beamer@autobreakcount=\count320
\beamer@autobreaklastheight=\dimen273
\beamer@frametitletoks=\toks31
\beamer@framesubtitletoks=\toks32
) (/usr/share/texlive/texmf-dist/tex/latex/beamer/beamerbaseframecomponents.sty
\beamer@footins=\box70
) (/usr/share/texlive/texmf-dist/tex/latex/beamer/beamerbasecolor.sty) (/usr/sh
are/texlive/texmf-dist/tex/latex/beamer/beamerbasenotes.sty
\beamer@frameboxcopy=\box71
) (/usr/share/texlive/texmf-dist/tex/latex/beamer/beamerbasetoc.sty) (/usr/shar
e/texlive/texmf-dist/tex/latex/beamer/beamerbasetemplates.sty
\beamer@sbttoks=\toks33
(/usr/share/texlive/texmf-dist/tex/latex/beamer/beamerbaseauxtemplates.sty (/us
r/share/texlive/texmf-dist/tex/latex/beamer/beamerbaseboxes.sty
\bmb@box=\box72
\bmb@colorbox=\box73
\bmb@boxwidth=\dimen274
\bmb@boxheight=\dimen275
\bmb@prevheight=\dimen276
\bmb@temp=\dimen277
\bmb@dima=\dimen278
\bmb@dimb=\dimen279
\bmb@prevheight=\dimen280
)
\beamer@blockheadheight=\dimen281
)) (/usr/share/texlive/texmf-dist/tex/latex/beamer/beamerbaselocalstructure.sty
(/usr/share/texlive/texmf-dist/tex/latex/tools/enumerate.sty
Package: enumerate 2023/07/04 v3.00 enumerate extensions (DPC)
\@enLab=\toks34
)
\beamer@bibiconwidth=\skip56
\c@figure=\count321
\c@table=\count322
\abovecaptionskip=\skip57
\belowcaptionskip=\skip58
) (/usr/share/texlive/texmf-dist/tex/latex/beamer/beamerbasenavigation.sty
(/usr/share/texlive/texmf-dist/tex/latex/beamer/beamerbasenavigationsymbols.tex
)
\beamer@section@min@dim=\dimen282
) (/usr/share/texlive/texmf-dist/tex/latex/beamer/beamerbasetheorems.sty (/usr/
share/texlive/texmf-dist/tex/latex/amsmath/amsmath.sty
Package: amsmath 2023/05/13 v2.17o AMS math features
\@mathmargin=\skip59
For additional information on amsmath, use the `?' option.
(/usr/share/texlive/texmf-dist/tex/latex/amsmath/amstext.sty
Package: amstext 2021/08/26 v2.01 AMS text
(/usr/share/texlive/texmf-dist/tex/latex/amsmath/amsgen.sty
File: amsgen.sty 1999/11/30 v2.0 generic functions
\@emptytoks=\toks35
\ex@=\dimen283
)) (/usr/share/texlive/texmf-dist/tex/latex/amsmath/amsbsy.sty
Package: amsbsy 1999/11/29 v1.2d Bold Symbols
\pmbraise@=\dimen284
) (/usr/share/texlive/texmf-dist/tex/latex/amsmath/amsopn.sty
Package: amsopn 2022/04/08 v2.04 operator names
)
\inf@bad=\count323
LaTeX Info: Redefining \frac on input line 234.
\uproot@=\count324
\leftroot@=\count325
LaTeX Info: Redefining \overline on input line 399.
LaTeX Info: Redefining \colon on input line 410.
\classnum@=\count326
\DOTSCASE@=\count327
LaTeX Info: Redefining \ldots on input line 496.
LaTeX Info: Redefining \dots on input line 499.
LaTeX Info: Redefining \cdots on input line 620.
\Mathstrutbox@=\box74
\strutbox@=\box75
LaTeX Info: Redefining \big on input line 722.
LaTeX Info: Redefining \Big on input line 723.
LaTeX Info: Redefining \bigg on input line 724.
LaTeX Info: Redefining \Bigg on input line 725.
\big@size=\dimen285
LaTeX Font Info:    Redeclaring font encoding OML on input line 743.
LaTeX Font Info:    Redeclaring font encoding OMS on input line 744.
\macc@depth=\count328
LaTeX Info: Redefining \bmod on input line 905.
LaTeX Info: Redefining \pmod on input line 910.
LaTeX Info: Redefining \smash on input line 940.
LaTeX Info: Redefining \relbar on input line 970.
LaTeX Info: Redefining \Relbar on input line 971.
\c@MaxMatrixCols=\count329
\dotsspace@=\muskip17
\c@parentequation=\count330
\dspbrk@lvl=\count331
\tag@help=\toks36
\row@=\count332
\column@=\count333
\maxfields@=\count334
\andhelp@=\toks37
\eqnshift@=\dimen286
\alignsep@=\dimen287
\tagshift@=\dimen288
\tagwidth@=\dimen289
\totwidth@=\dimen290
\lineht@=\dimen291
\@envbody=\toks38
\multlinegap=\skip60
\multlinetaggap=\skip61
\mathdisplay@stack=\toks39
LaTeX Info: Redefining \[ on input line 2953.
LaTeX Info: Redefining \] on input line 2954.
) (/usr/share/texlive/texmf-dist/tex/latex/amscls/amsthm.sty
Package: amsthm 2020/05/29 v2.20.6
\thm@style=\toks40
\thm@bodyfont=\toks41
\thm@headfont=\toks42
\thm@notefont=\toks43
\thm@headpunct=\toks44
\thm@preskip=\skip62
\thm@postskip=\skip63
\thm@headsep=\skip64
\dth@everypar=\toks45
)
\c@theorem=\count335
) (/usr/share/texlive/texmf-dist/tex/latex/beamer/beamerbasethemes.sty)) (/usr/
share/texlive/texmf-dist/tex/latex/beamer/beamerthemedefault.sty (/usr/share/te
xlive/texmf-dist/tex/latex/beamer/beamerfontthemedefault.sty) (/usr/share/texli
ve/texmf-dist/tex/latex/beamer/beamercolorthemedefault.sty) (/usr/share/texlive
/texmf-dist/tex/latex/beamer/beamerinnerthemedefault.sty
\beamer@dima=\dimen292
\beamer@dimb=\dimen293
) (/usr/share/texlive/texmf-dist/tex/latex/beamer/beamerouterthemedefault.sty))
) (/usr/share/texlive/texmf-dist/tex/latex/beamer/beamerfontthemeserif.sty) (/u
sr/share/texlive/texmf-dist/tex/latex/base/inputenc.sty
Package: inputenc 2021/02/14 v1.3d Input encoding file
\inpenc@prehook=\toks46
\inpenc@posthook=\toks47
(/usr/share/texlive/texmf-dist/tex/latex/base/latin1.def
File: latin1.def 2021/02/14 v1.3d Input encoding file
)) (/usr/share/texlive/texmf-dist/tex/generic/babel/babel.sty
Package: babel 2024/01/07 v24.1 The Babel package
\babel@savecnt=\count336
\U@D=\dimen294
\l@unhyphenated=\language89
(/usr/share/texlive/texmf-dist/tex/generic/babel/txtbabel.def)
\bbl@readstream=\read3
LaTeX Info: Redefining \textlatin on input line 3986.
\bbl@dirlevel=\count337
(/usr/share/texlive/texmf-dist/tex/generic/babel-portuges/brazilian.ldf
Language: portuges 2021/07/09 v1.2t Portuguese support from the babel system
Package babel Info: Hyphen rules for 'brazilian' set to \l@portuguese
(babel)             (\language43). Reported on input line 111.
Package babel Info: Making " an active character on input line 143.
)) (/usr/share/texlive/texmf-dist/tex/generic/babel/locale/pt/babel-brazilian.t
ex
Package babel Info: Importing font and identification data for brazilian
(babel)             from babel-pt-BR.ini. Reported on input line 11.
) (/usr/share/texlive/texmf-dist/tex/latex/wrapfig/wrapfig.sty
\wrapoverhang=\dimen295
\WF@size=\dimen296
\c@WF@wrappedlines=\count338
\WF@box=\box76
\WF@everypar=\toks48
Package: wrapfig 2003/01/31  v 3.6
)

Package xcolor Warning: Package option `usenames' is obsolete and ignored on in
put line 10.

(/usr/share/texlive/texmf-dist/tex/latex/tools/multicol.sty
Package: multicol 2023/03/30 v1.9f multicolumn formatting (FMi)
\c@tracingmulticols=\count339
\mult@box=\box77
\multicol@leftmargin=\dimen297
\c@unbalance=\count340
\c@collectmore=\count341
\doublecol@number=\count342
\multicoltolerance=\count343
\multicolpretolerance=\count344
\full@width=\dimen298
\page@free=\dimen299
\premulticols=\dimen300
\postmulticols=\dimen301
\multicolsep=\skip65
\multicolbaselineskip=\skip66
\partial@page=\box78
\last@line=\box79
\mc@boxedresult=\box80
\maxbalancingoverflow=\dimen302
\mult@rightbox=\box81
\mult@grightbox=\box82
\mult@firstbox=\box83
\mult@gfirstbox=\box84
\@tempa=\box85
\@tempa=\box86
\@tempa=\box87
\@tempa=\box88
\@tempa=\box89
\@tempa=\box90
\@tempa=\box91
\@tempa=\box92
\@tempa=\box93
\@tempa=\box94
\@tempa=\box95
\@tempa=\box96
\@tempa=\box97
\@tempa=\box98
\@tempa=\box99
\@tempa=\box100
\@tempa=\box101
\@tempa=\box102
\@tempa=\box103
\@tempa=\box104
\@tempa=\box105
\@tempa=\box106
\@tempa=\box107
\@tempa=\box108
\@tempa=\box109
\@tempa=\box110
\@tempa=\box111
\@tempa=\box112
\@tempa=\box113
\@tempa=\box114
\@tempa=\box115
\@tempa=\box116
\@tempa=\box117
\@tempa=\box118
\@tempa=\box119
\@tempa=\box120
\c@minrows=\count345
\c@columnbadness=\count346
\c@finalcolumnbadness=\count347
\last@try=\dimen303
\multicolovershoot=\dimen304
\multicolundershoot=\dimen305
\mult@nat@firstbox=\box121
\colbreak@box=\box122
\mc@col@check@num=\count348
) (/usr/share/texlive/texmf-dist/tex/latex/base/syntonly.sty
Package: syntonly 2017/06/30 v2.1e Standard LaTeX2e package
) (/usr/share/texlive/texmf-dist/tex/latex/pgf/frontendlayer/tikz.sty (/usr/sha
re/texlive/texmf-dist/tex/latex/pgf/basiclayer/pgf.sty
Package: pgf 2023-01-15 v3.1.10 (3.1.10)

(/usr/share/texlive/texmf-dist/tex/generic/pgf/modules/pgfmoduleshapes.code.tex
File: pgfmoduleshapes.code.tex 2023-01-15 v3.1.10 (3.1.10)
\pgfnodeparttextbox=\box123
) (/usr/share/texlive/texmf-dist/tex/generic/pgf/modules/pgfmoduleplot.code.tex
File: pgfmoduleplot.code.tex 2023-01-15 v3.1.10 (3.1.10)
)
(/usr/share/texlive/texmf-dist/tex/latex/pgf/compatibility/pgfcomp-version-0-65
.sty
Package: pgfcomp-version-0-65 2023-01-15 v3.1.10 (3.1.10)
\pgf@nodesepstart=\dimen306
\pgf@nodesepend=\dimen307
)
(/usr/share/texlive/texmf-dist/tex/latex/pgf/compatibility/pgfcomp-version-1-18
.sty
Package: pgfcomp-version-1-18 2023-01-15 v3.1.10 (3.1.10)
)) (/usr/share/texlive/texmf-dist/tex/latex/pgf/utilities/pgffor.sty (/usr/shar
e/texlive/texmf-dist/tex/generic/pgf/utilities/pgffor.code.tex
Package: pgffor 2023-01-15 v3.1.10 (3.1.10)
\pgffor@iter=\dimen308
\pgffor@skip=\dimen309
\pgffor@stack=\toks49
\pgffor@toks=\toks50
))
(/usr/share/texlive/texmf-dist/tex/generic/pgf/frontendlayer/tikz/tikz.code.tex
Package: tikz 2023-01-15 v3.1.10 (3.1.10)

(/usr/share/texlive/texmf-dist/tex/generic/pgf/libraries/pgflibraryplothandlers
.code.tex
File: pgflibraryplothandlers.code.tex 2023-01-15 v3.1.10 (3.1.10)
\pgf@plot@mark@count=\count349
\pgfplotmarksize=\dimen310
)
\tikz@lastx=\dimen311
\tikz@lasty=\dimen312
\tikz@lastxsaved=\dimen313
\tikz@lastysaved=\dimen314
\tikz@lastmovetox=\dimen315
\tikz@lastmovetoy=\dimen316
\tikzleveldistance=\dimen317
\tikzsiblingdistance=\dimen318
\tikz@figbox=\box124
\tikz@figbox@bg=\box125
\tikz@tempbox=\box126
\tikz@tempbox@bg=\box127
\tikztreelevel=\count350
\tikznumberofchildren=\count351
\tikznumberofcurrentchild=\count352
\tikz@fig@count=\count353

(/usr/share/texlive/texmf-dist/tex/generic/pgf/modules/pgfmodulematrix.code.tex
File: pgfmodulematrix.code.tex 2023-01-15 v3.1.10 (3.1.10)
\pgfmatrixcurrentrow=\count354
\pgfmatrixcurrentcolumn=\count355
\pgf@matrix@numberofcolumns=\count356
)
\tikz@expandcount=\count357

(/usr/share/texlive/texmf-dist/tex/generic/pgf/frontendlayer/tikz/libraries/tik
zlibrarytopaths.code.tex
File: tikzlibrarytopaths.code.tex 2023-01-15 v3.1.10 (3.1.10)
)))
(/usr/share/texlive/texmf-dist/tex/generic/pgf/frontendlayer/tikz/libraries/tik
zlibrarydecorations.pathmorphing.code.tex
(/usr/share/texlive/texmf-dist/tex/generic/pgf/frontendlayer/tikz/libraries/tik
zlibrarydecorations.code.tex
(/usr/share/texlive/texmf-dist/tex/generic/pgf/modules/pgfmoduledecorations.cod
e.tex
\pgfdecoratedcompleteddistance=\dimen319
\pgfdecoratedremainingdistance=\dimen320
\pgfdecoratedinputsegmentcompleteddistance=\dimen321
\pgfdecoratedinputsegmentremainingdistance=\dimen322
\pgf@decorate@distancetomove=\dimen323
\pgf@decorate@repeatstate=\count358
\pgfdecorationsegmentamplitude=\dimen324
\pgfdecorationsegmentlength=\dimen325
)
\tikz@lib@dec@box=\box128
)
(/usr/share/texlive/texmf-dist/tex/generic/pgf/libraries/decorations/pgflibrary
decorations.pathmorphing.code.tex))
(/usr/share/texlive/texmf-dist/tex/generic/pgf/frontendlayer/tikz/libraries/tik
zlibrarypatterns.code.tex
File: tikzlibrarypatterns.code.tex 2023-01-15 v3.1.10 (3.1.10)

(/usr/share/texlive/texmf-dist/tex/generic/pgf/libraries/pgflibrarypatterns.cod
e.tex
File: pgflibrarypatterns.code.tex 2023-01-15 v3.1.10 (3.1.10)
)) (/usr/share/texlive/texmf-dist/tex/latex/pgfplots/pgfplots.sty (/usr/share/t
exlive/texmf-dist/tex/generic/pgfplots/pgfplots.revision.tex)
Package: pgfplots 2021/05/15 v1.18.1 Data Visualization (1.18.1)
(/usr/share/texlive/texmf-dist/tex/generic/pgfplots/pgfplots.code.tex (/usr/sha
re/texlive/texmf-dist/tex/generic/pgfplots/pgfplotscore.code.tex
\t@pgfplots@toka=\toks51
\t@pgfplots@tokb=\toks52
\t@pgfplots@tokc=\toks53
\pgfplots@tmpa=\dimen326
\c@pgfplots@coordindex=\count359
\c@pgfplots@scanlineindex=\count360

(/usr/share/texlive/texmf-dist/tex/generic/pgfplots/sys/pgfplotssysgeneric.code
.tex))
(/usr/share/texlive/texmf-dist/tex/generic/pgfplots/libs/pgfplotslibrary.code.t
ex)
(/usr/share/texlive/texmf-dist/tex/generic/pgfplots/oldpgfcompatib/pgfplotsoldp
gfsupp_loader.code.tex
(/usr/share/texlive/texmf-dist/tex/generic/pgf/libraries/pgflibraryfpu.code.tex
)
Package pgfplots: loading complementary utilities for your pgf version...
\t@pgf@toka=\toks54
\t@pgf@tokb=\toks55
\t@pgf@tokc=\toks56

(/usr/share/texlive/texmf-dist/tex/generic/pgfplots/oldpgfcompatib/pgfplotsoldp
gfsupp_pgfutil-common-lists.tex)) (/usr/share/texlive/texmf-dist/tex/generic/pg
fplots/util/pgfplotsutil.code.tex
(/usr/share/texlive/texmf-dist/tex/generic/pgfplots/liststructure/pgfplotslists
tructure.code.tex)
(/usr/share/texlive/texmf-dist/tex/generic/pgfplots/liststructure/pgfplotslists
tructureext.code.tex)
(/usr/share/texlive/texmf-dist/tex/generic/pgfplots/liststructure/pgfplotsarray
.code.tex
\c@pgfplotsarray@tmp=\count361
)
(/usr/share/texlive/texmf-dist/tex/generic/pgfplots/liststructure/pgfplotsmatri
x.code.tex)
(/usr/share/texlive/texmf-dist/tex/generic/pgfplots/numtable/pgfplotstableshare
d.code.tex
\c@pgfplotstable@counta=\count362
\t@pgfplotstable@a=\toks57
)
(/usr/share/texlive/texmf-dist/tex/generic/pgfplots/liststructure/pgfplotsdeque
.code.tex)
(/usr/share/texlive/texmf-dist/tex/generic/pgfplots/util/pgfplotsbinary.code.te
x
(/usr/share/texlive/texmf-dist/tex/generic/pgfplots/util/pgfplotsbinary.data.co
de.tex))
(/usr/share/texlive/texmf-dist/tex/generic/pgfplots/util/pgfplotsutil.verb.code
.tex)
(/usr/share/texlive/texmf-dist/tex/generic/pgfplots/libs/pgflibrarypgfplots.sur
fshading.code.tex
\c@pgfplotslibrarysurf@no=\count363

(/usr/share/texlive/texmf-dist/tex/generic/pgfplots/sys/pgflibrarypgfplots.surf
shading.pgfsys-pdftex.def)))
(/usr/share/texlive/texmf-dist/tex/generic/pgfplots/util/pgfplotscolormap.code.
tex
(/usr/share/texlive/texmf-dist/tex/generic/pgfplots/util/pgfplotscolor.code.tex
))
(/usr/share/texlive/texmf-dist/tex/generic/pgfplots/pgfplotsstackedplots.code.t
ex)
(/usr/share/texlive/texmf-dist/tex/generic/pgfplots/pgfplotsplothandlers.code.t
ex
(/usr/share/texlive/texmf-dist/tex/generic/pgfplots/pgfplotsmeshplothandler.cod
e.tex
(/usr/share/texlive/texmf-dist/tex/generic/pgfplots/pgfplotsmeshplotimage.code.
tex))) (/usr/share/texlive/texmf-dist/tex/generic/pgfplots/pgfplots.scaling.cod
e.tex)
(/usr/share/texlive/texmf-dist/tex/generic/pgfplots/pgfplotscoordprocessing.cod
e.tex)
(/usr/share/texlive/texmf-dist/tex/generic/pgfplots/pgfplots.errorbars.code.tex
) (/usr/share/texlive/texmf-dist/tex/generic/pgfplots/pgfplots.markers.code.tex
) (/usr/share/texlive/texmf-dist/tex/generic/pgfplots/pgfplotsticks.code.tex) (
/usr/share/texlive/texmf-dist/tex/generic/pgfplots/pgfplots.paths.code.tex)
(/usr/share/texlive/texmf-dist/tex/generic/pgf/frontendlayer/tikz/libraries/tik
zlibrarydecorations.pathreplacing.code.tex
(/usr/share/texlive/texmf-dist/tex/generic/pgf/libraries/decorations/pgflibrary
decorations.pathreplacing.code.tex))
(/usr/share/texlive/texmf-dist/tex/generic/pgfplots/libs/tikzlibrarypgfplots.co
ntourlua.code.tex)
\pgfplots@numplots=\count364
\pgfplots@xmin@reg=\dimen327
\pgfplots@xmax@reg=\dimen328
\pgfplots@ymin@reg=\dimen329
\pgfplots@ymax@reg=\dimen330
\pgfplots@zmin@reg=\dimen331
\pgfplots@zmax@reg=\dimen332
)
(/usr/share/texlive/texmf-dist/tex/generic/pgf/frontendlayer/tikz/libraries/tik
zlibraryplotmarks.code.tex
File: tikzlibraryplotmarks.code.tex 2023-01-15 v3.1.10 (3.1.10)

(/usr/share/texlive/texmf-dist/tex/generic/pgf/libraries/pgflibraryplotmarks.co
de.tex
File: pgflibraryplotmarks.code.tex 2023-01-15 v3.1.10 (3.1.10)
))) (/usr/share/texlive/texmf-dist/tex/latex/caption/caption.sty
Package: caption 2023/08/05 v3.6o Customizing captions (AR)
(/usr/share/texlive/texmf-dist/tex/latex/caption/caption3.sty
Package: caption3 2023/07/31 v2.4d caption3 kernel (AR)
\caption@tempdima=\dimen333
\captionmargin=\dimen334
\caption@leftmargin=\dimen335
\caption@rightmargin=\dimen336
\caption@width=\dimen337
\caption@indent=\dimen338
\caption@parindent=\dimen339
\caption@hangindent=\dimen340
Package caption Info: beamer document class detected.
(/usr/share/texlive/texmf-dist/tex/latex/caption/caption-beamer.sto
File: caption-beamer.sto 2022/01/06 v2.0c Adaption of the caption package to th
e beamer document classes (AR)
))
\c@caption@flags=\count365
\c@continuedfloat=\count366
Package caption Info: hyperref package is loaded.
Package caption Info: Hyperref support is turned off
(caption)             because hyperref has stopped early.
Package caption Info: wrapfig package is loaded.
) (/usr/share/texlive/texmf-dist/tex/latex/beamer/beamerthemeMadrid.sty (/usr/s
hare/texlive/texmf-dist/tex/latex/beamer/beamercolorthemewhale.sty) (/usr/share
/texlive/texmf-dist/tex/latex/beamer/beamercolorthemeorchid.sty) (/usr/share/te
xlive/texmf-dist/tex/latex/beamer/beamerinnerthemerounded.sty) (/usr/share/texl
ive/texmf-dist/tex/latex/beamer/beamerouterthemeinfolines.sty))
\c@nada=\count367
\c@outline=\count368
\c@afir=\count369
(/usr/share/texlive/texmf-dist/tex/latex/l3backend/l3backend-pdftex.def
File: l3backend-pdftex.def 2024-01-04 L3 backend support: PDF output (pdfTeX)
\l__color_backend_stack_int=\count370
\l__pdf_internal_box=\box129
) (./edo.aux (./intro.aux) (./1a_ordem.aux) (./2a_ordem_linear.aux))
\openout1 = `edo.aux'.

LaTeX Font Info:    Checking defaults for OML/cmm/m/it on input line 134.
LaTeX Font Info:    ... okay on input line 134.
LaTeX Font Info:    Checking defaults for OMS/cmsy/m/n on input line 134.
LaTeX Font Info:    ... okay on input line 134.
LaTeX Font Info:    Checking defaults for OT1/cmr/m/n on input line 134.
LaTeX Font Info:    ... okay on input line 134.
LaTeX Font Info:    Checking defaults for T1/cmr/m/n on input line 134.
LaTeX Font Info:    ... okay on input line 134.
LaTeX Font Info:    Checking defaults for TS1/cmr/m/n on input line 134.
LaTeX Font Info:    ... okay on input line 134.
LaTeX Font Info:    Checking defaults for OMX/cmex/m/n on input line 134.
LaTeX Font Info:    ... okay on input line 134.
LaTeX Font Info:    Checking defaults for U/cmr/m/n on input line 134.
LaTeX Font Info:    ... okay on input line 134.
LaTeX Font Info:    Checking defaults for PD1/pdf/m/n on input line 134.
LaTeX Font Info:    ... okay on input line 134.
LaTeX Font Info:    Checking defaults for PU/pdf/m/n on input line 134.
LaTeX Font Info:    ... okay on input line 134.
*geometry* driver: auto-detecting
*geometry* detected driver: pdftex
*geometry* verbose mode - [ preamble ] result:
* driver: pdftex
* paper: custom
* layout: <same size as paper>
* layoutoffset:(h,v)=(0.0pt,0.0pt)
* modes: includehead includefoot 
* h-part:(L,W,R)=(10.95003pt, 342.2953pt, 10.95003pt)
* v-part:(T,H,B)=(0.0pt, 273.14662pt, 0.0pt)
* \paperwidth=364.19536pt
* \paperheight=273.14662pt
* \textwidth=342.2953pt
* \textheight=244.6939pt
* \oddsidemargin=-61.31996pt
* \evensidemargin=-61.31996pt
* \topmargin=-72.26999pt
* \headheight=14.22636pt
* \headsep=0.0pt
* \topskip=11.0pt
* \footskip=14.22636pt
* \marginparwidth=4.0pt
* \marginparsep=10.0pt
* \columnsep=10.0pt
* \skip\footins=10.0pt plus 4.0pt minus 2.0pt
* \hoffset=0.0pt
* \voffset=0.0pt
* \mag=1000
* \@twocolumnfalse
* \@twosidefalse
* \@mparswitchfalse
* \@reversemarginfalse
* (1in=72.27pt=25.4mm, 1cm=28.453pt)

(/usr/share/texlive/texmf-dist/tex/context/base/mkii/supp-pdf.mkii
[Loading MPS to PDF converter (version 2006.09.02).]
\scratchcounter=\count371
\scratchdimen=\dimen341
\scratchbox=\box130
\nofMPsegments=\count372
\nofMParguments=\count373
\everyMPshowfont=\toks58
\MPscratchCnt=\count374
\MPscratchDim=\dimen342
\MPnumerator=\count375
\makeMPintoPDFobject=\count376
\everyMPtoPDFconversion=\toks59
) (/usr/share/texlive/texmf-dist/tex/latex/epstopdf-pkg/epstopdf-base.sty
Package: epstopdf-base 2020-01-24 v2.11 Base part for package epstopdf
Package epstopdf-base Info: Redefining graphics rule for `.eps' on input line 4
85.
(/usr/share/texlive/texmf-dist/tex/latex/latexconfig/epstopdf-sys.cfg
File: epstopdf-sys.cfg 2010/07/13 v1.3 Configuration of (r)epstopdf for TeX Liv
e
))
Package hyperref Info: Link coloring OFF on input line 134.
(./edo.out) (./edo.out)
\@outlinefile=\write5
\openout5 = `edo.out'.


(/usr/share/texlive/texmf-dist/tex/latex/translator/translator-basic-dictionary
-English.dict
Dictionary: translator-basic-dictionary, Language: English 
)
(/usr/share/texlive/texmf-dist/tex/latex/translator/translator-bibliography-dic
tionary-English.dict
Dictionary: translator-bibliography-dictionary, Language: English 
)
(/usr/share/texlive/texmf-dist/tex/latex/translator/translator-environment-dict
ionary-English.dict
Dictionary: translator-environment-dictionary, Language: English 
)
(/usr/share/texlive/texmf-dist/tex/latex/translator/translator-months-dictionar
y-English.dict
Dictionary: translator-months-dictionary, Language: English 
)
(/usr/share/texlive/texmf-dist/tex/latex/translator/translator-numbers-dictiona
ry-English.dict
Dictionary: translator-numbers-dictionary, Language: English 
)
(/usr/share/texlive/texmf-dist/tex/latex/translator/translator-theorem-dictiona
ry-English.dict
Dictionary: translator-theorem-dictionary, Language: English 
)
Package pgfplots notification 'compat/show suggested version=true': document ha
s been generated with the most recent feature set (\pgfplotsset{compat=1.18}).

Package caption Info: Begin \AtBeginDocument code.
Package caption Info: End \AtBeginDocument code.
(./edo.nav)

Package hyperref Warning: Option `pdfauthor' has already been used,
(hyperref)                setting the option has no effect on input line 139.

<sol-logistico-capa.png, id=59, 379.4175pt x 248.93pt>
File: sol-logistico-capa.png Graphic file (type png)
<use sol-logistico-capa.png>
Package pdftex.def Info: sol-logistico-capa.png  used on input line 161.
(pdftex.def)             Requested size: 151.7643pt x 99.57022pt.

Overfull \vbox (23.1633pt too high) detected at line 161
 []

<UFF_brasao.png, id=61, 607.26875pt x 683.55376pt>
File: UFF_brasao.png Graphic file (type png)
<use UFF_brasao.png>
Package pdftex.def Info: UFF_brasao.png  used on input line 161.
(pdftex.def)             Requested size: 18.21727pt x 20.50572pt.
[1

{/var/lib/texmf/fonts/map/pdftex/updmap/pdftex.map} <./UFF_brasao.png> <./sol-l
ogistico-capa.png>] (./edo.toc
LaTeX Font Info:    Trying to load font information for TS1+cmss on input line 
3.
(/usr/share/texlive/texmf-dist/tex/latex/base/ts1cmss.fd
File: ts1cmss.fd 2023/04/13 v2.5m Standard LaTeX font definitions
))
File: UFF_brasao.png Graphic file (type png)
<use UFF_brasao.png>
Package pdftex.def Info: UFF_brasao.png  used on input line 168.
(pdftex.def)             Requested size: 18.21727pt x 20.50572pt.
[2

{/usr/share/texmf/fonts/enc/dvips/cm-super/cm-super-ts1.enc}]
\openout2 = `intro.aux'.

(./intro.tex
<exemplo.png, id=139, 59.9841pt x 58.5387pt>
File: exemplo.png Graphic file (type png)
<use exemplo.png>
Package pdftex.def Info: exemplo.png  used on input line 26.
(pdftex.def)             Requested size: 17.99536pt x 17.56174pt.
LaTeX Font Info:    Trying to load font information for U+msa on input line 26.

(/usr/share/texlive/texmf-dist/tex/latex/amsfonts/umsa.fd
File: umsa.fd 2013/01/14 v3.01 AMS symbols A
)
LaTeX Font Info:    Trying to load font information for U+msb on input line 26.

(/usr/share/texlive/texmf-dist/tex/latex/amsfonts/umsb.fd
File: umsb.fd 2013/01/14 v3.01 AMS symbols B
)
File: UFF_brasao.png Graphic file (type png)
<use UFF_brasao.png>
Package pdftex.def Info: UFF_brasao.png  used on input line 26.
(pdftex.def)             Requested size: 18.21727pt x 20.50572pt.
[3


 <./exemplo.png>]
File: UFF_brasao.png Graphic file (type png)
<use UFF_brasao.png>
Package pdftex.def Info: UFF_brasao.png  used on input line 116.
(pdftex.def)             Requested size: 18.21727pt x 20.50572pt.
[4

]
File: exemplo.png Graphic file (type png)
<use exemplo.png>
Package pdftex.def Info: exemplo.png  used on input line 134.
(pdftex.def)             Requested size: 17.99536pt x 17.56174pt.
File: UFF_brasao.png Graphic file (type png)
<use UFF_brasao.png>
Package pdftex.def Info: UFF_brasao.png  used on input line 134.
(pdftex.def)             Requested size: 18.21727pt x 20.50572pt.
[5

])
\openout2 = `1a_ordem.aux'.

(./1a_ordem.tex
File: UFF_brasao.png Graphic file (type png)
<use UFF_brasao.png>
Package pdftex.def Info: UFF_brasao.png  used on input line 27.
(pdftex.def)             Requested size: 18.21727pt x 20.50572pt.
[6




]
File: UFF_brasao.png Graphic file (type png)
<use UFF_brasao.png>
Package pdftex.def Info: UFF_brasao.png  used on input line 47.
(pdftex.def)             Requested size: 18.21727pt x 20.50572pt.
[7

]
<w-homework.png, id=344, 513.92pt x 452.69125pt>
File: w-homework.png Graphic file (type png)
<use w-homework.png>
Package pdftex.def Info: w-homework.png  used on input line 69.
(pdftex.def)             Requested size: 17.98903pt x 15.84581pt.
File: UFF_brasao.png Graphic file (type png)
<use UFF_brasao.png>
Package pdftex.def Info: UFF_brasao.png  used on input line 69.
(pdftex.def)             Requested size: 18.21727pt x 20.50572pt.
[8

 <./w-homework.png>]
File: UFF_brasao.png Graphic file (type png)
<use UFF_brasao.png>
Package pdftex.def Info: UFF_brasao.png  used on input line 77.
(pdftex.def)             Requested size: 18.21727pt x 20.50572pt.
[9

]
File: exemplo.png Graphic file (type png)
<use exemplo.png>
Package pdftex.def Info: exemplo.png  used on input line 86.
(pdftex.def)             Requested size: 17.99536pt x 17.56174pt.
<CD-1.png, id=416, 371.3875pt x 248.93pt>
File: CD-1.png Graphic file (type png)
<use CD-1.png>
Package pdftex.def Info: CD-1.png  used on input line 86.
(pdftex.def)             Requested size: 259.96947pt x 174.2498pt.
File: UFF_brasao.png Graphic file (type png)
<use UFF_brasao.png>
Package pdftex.def Info: UFF_brasao.png  used on input line 86.
(pdftex.def)             Requested size: 18.21727pt x 20.50572pt.
[10

 <./CD-1.png>]
File: UFF_brasao.png Graphic file (type png)
<use UFF_brasao.png>
Package pdftex.def Info: UFF_brasao.png  used on input line 103.
(pdftex.def)             Requested size: 18.21727pt x 20.50572pt.
[11

]
File: UFF_brasao.png Graphic file (type png)
<use UFF_brasao.png>
Package pdftex.def Info: UFF_brasao.png  used on input line 116.
(pdftex.def)             Requested size: 18.21727pt x 20.50572pt.
[12

]
File: exemplo.png Graphic file (type png)
<use exemplo.png>
Package pdftex.def Info: exemplo.png  used on input line 141.
(pdftex.def)             Requested size: 17.99536pt x 17.56174pt.
File: UFF_brasao.png Graphic file (type png)
<use UFF_brasao.png>
Package pdftex.def Info: UFF_brasao.png  used on input line 141.
(pdftex.def)             Requested size: 18.21727pt x 20.50572pt.
[13

]
File: sol-logistico-capa.png Graphic file (type png)
<use sol-logistico-capa.png>
Package pdftex.def Info: sol-logistico-capa.png  used on input line 152.
(pdftex.def)             Requested size: 246.61844pt x 161.80257pt.
File: UFF_brasao.png Graphic file (type png)
<use UFF_brasao.png>
Package pdftex.def Info: UFF_brasao.png  used on input line 152.
(pdftex.def)             Requested size: 18.21727pt x 20.50572pt.
[14

]
File: exemplo.png Graphic file (type png)
<use exemplo.png>
Package pdftex.def Info: exemplo.png  used on input line 170.
(pdftex.def)             Requested size: 17.99536pt x 17.56174pt.
<sol-ex-sep.png, id=604, 381.425pt x 358.33875pt>
File: sol-ex-sep.png Graphic file (type png)
<use sol-ex-sep.png>
Package pdftex.def Info: sol-ex-sep.png  used on input line 170.
(pdftex.def)             Requested size: 133.50075pt x 125.42044pt.

Overfull \vbox (1.87196pt too high) detected at line 170
 []

File: UFF_brasao.png Graphic file (type png)
<use UFF_brasao.png>
Package pdftex.def Info: UFF_brasao.png  used on input line 170.
(pdftex.def)             Requested size: 18.21727pt x 20.50572pt.
[15

 <./sol-ex-sep.png>]
File: UFF_brasao.png Graphic file (type png)
<use UFF_brasao.png>
Package pdftex.def Info: UFF_brasao.png  used on input line 199.
(pdftex.def)             Requested size: 18.21727pt x 20.50572pt.
[16

]
Overfull \vbox (3.63309pt too high) detected at line 199
 []

File: UFF_brasao.png Graphic file (type png)
<use UFF_brasao.png>
Package pdftex.def Info: UFF_brasao.png  used on input line 199.
(pdftex.def)             Requested size: 18.21727pt x 20.50572pt.
[17

]
File: exemplo.png Graphic file (type png)
<use exemplo.png>
Package pdftex.def Info: exemplo.png  used on input line 216.
(pdftex.def)             Requested size: 17.99536pt x 17.56174pt.
<CD-2.png, id=725, 371.3875pt x 248.93pt>
File: CD-2.png Graphic file (type png)
<use CD-2.png>
Package pdftex.def Info: CD-2.png  used on input line 216.
(pdftex.def)             Requested size: 222.83421pt x 149.35915pt.

Overfull \vbox (4.46306pt too high) detected at line 216
 []

File: UFF_brasao.png Graphic file (type png)
<use UFF_brasao.png>
Package pdftex.def Info: UFF_brasao.png  used on input line 216.
(pdftex.def)             Requested size: 18.21727pt x 20.50572pt.
[18

 <./CD-2.png>]
File: exemplo.png Graphic file (type png)
<use exemplo.png>
Package pdftex.def Info: exemplo.png  used on input line 216.
(pdftex.def)             Requested size: 17.99536pt x 17.56174pt.
<CD-3.png, id=763, 371.3875pt x 248.93pt>
File: CD-3.png Graphic file (type png)
<use CD-3.png>
Package pdftex.def Info: CD-3.png  used on input line 216.
(pdftex.def)             Requested size: 222.83421pt x 149.35915pt.

Overfull \vbox (4.46306pt too high) detected at line 216
 []

File: UFF_brasao.png Graphic file (type png)
<use UFF_brasao.png>
Package pdftex.def Info: UFF_brasao.png  used on input line 216.
(pdftex.def)             Requested size: 18.21727pt x 20.50572pt.
[19

 <./CD-3.png>]
File: exemplo.png Graphic file (type png)
<use exemplo.png>
Package pdftex.def Info: exemplo.png  used on input line 229.
(pdftex.def)             Requested size: 17.99536pt x 17.56174pt.
File: UFF_brasao.png Graphic file (type png)
<use UFF_brasao.png>
Package pdftex.def Info: UFF_brasao.png  used on input line 229.
(pdftex.def)             Requested size: 18.21727pt x 20.50572pt.
[20

]
File: w-homework.png Graphic file (type png)
<use w-homework.png>
Package pdftex.def Info: w-homework.png  used on input line 245.
(pdftex.def)             Requested size: 17.98903pt x 15.84581pt.
File: UFF_brasao.png Graphic file (type png)
<use UFF_brasao.png>
Package pdftex.def Info: UFF_brasao.png  used on input line 245.
(pdftex.def)             Requested size: 18.21727pt x 20.50572pt.
[21

]
File: UFF_brasao.png Graphic file (type png)
<use UFF_brasao.png>
Package pdftex.def Info: UFF_brasao.png  used on input line 289.
(pdftex.def)             Requested size: 18.21727pt x 20.50572pt.
[22

]
File: exemplo.png Graphic file (type png)
<use exemplo.png>
Package pdftex.def Info: exemplo.png  used on input line 302.
(pdftex.def)             Requested size: 17.99536pt x 17.56174pt.
File: UFF_brasao.png Graphic file (type png)
<use UFF_brasao.png>
Package pdftex.def Info: UFF_brasao.png  used on input line 302.
(pdftex.def)             Requested size: 18.21727pt x 20.50572pt.
[23

]
File: exemplo.png Graphic file (type png)
<use exemplo.png>
Package pdftex.def Info: exemplo.png  used on input line 315.
(pdftex.def)             Requested size: 17.99536pt x 17.56174pt.
File: UFF_brasao.png Graphic file (type png)
<use UFF_brasao.png>
Package pdftex.def Info: UFF_brasao.png  used on input line 315.
(pdftex.def)             Requested size: 18.21727pt x 20.50572pt.
[24

]
File: exemplo.png Graphic file (type png)
<use exemplo.png>
Package pdftex.def Info: exemplo.png  used on input line 334.
(pdftex.def)             Requested size: 17.99536pt x 17.56174pt.
File: UFF_brasao.png Graphic file (type png)
<use UFF_brasao.png>
Package pdftex.def Info: UFF_brasao.png  used on input line 334.
(pdftex.def)             Requested size: 18.21727pt x 20.50572pt.
[25

]
File: w-homework.png Graphic file (type png)
<use w-homework.png>
Package pdftex.def Info: w-homework.png  used on input line 346.
(pdftex.def)             Requested size: 17.98903pt x 15.84581pt.
File: UFF_brasao.png Graphic file (type png)
<use UFF_brasao.png>
Package pdftex.def Info: UFF_brasao.png  used on input line 346.
(pdftex.def)             Requested size: 18.21727pt x 20.50572pt.
[26

]
File: exemplo.png Graphic file (type png)
<use exemplo.png>
Package pdftex.def Info: exemplo.png  used on input line 463.
(pdftex.def)             Requested size: 17.99536pt x 17.56174pt.
File: UFF_brasao.png Graphic file (type png)
<use UFF_brasao.png>
Package pdftex.def Info: UFF_brasao.png  used on input line 463.
(pdftex.def)             Requested size: 18.21727pt x 20.50572pt.
[27

]
File: UFF_brasao.png Graphic file (type png)
<use UFF_brasao.png>
Package pdftex.def Info: UFF_brasao.png  used on input line 475.
(pdftex.def)             Requested size: 18.21727pt x 20.50572pt.
[28

]
File: UFF_brasao.png Graphic file (type png)
<use UFF_brasao.png>
Package pdftex.def Info: UFF_brasao.png  used on input line 492.
(pdftex.def)             Requested size: 18.21727pt x 20.50572pt.
[29

]
File: exemplo.png Graphic file (type png)
<use exemplo.png>
Package pdftex.def Info: exemplo.png  used on input line 522.
(pdftex.def)             Requested size: 17.99536pt x 17.56174pt.
File: UFF_brasao.png Graphic file (type png)
<use UFF_brasao.png>
Package pdftex.def Info: UFF_brasao.png  used on input line 522.
(pdftex.def)             Requested size: 18.21727pt x 20.50572pt.
[30

])
\openout2 = `2a_ordem_linear.aux'.

(./2a_ordem_linear.tex
File: exemplo.png Graphic file (type png)
<use exemplo.png>
Package pdftex.def Info: exemplo.png  used on input line 26.
(pdftex.def)             Requested size: 17.99536pt x 17.56174pt.
File: UFF_brasao.png Graphic file (type png)
<use UFF_brasao.png>
Package pdftex.def Info: UFF_brasao.png  used on input line 26.
(pdftex.def)             Requested size: 18.21727pt x 20.50572pt.
[31




]
File: exemplo.png Graphic file (type png)
<use exemplo.png>
Package pdftex.def Info: exemplo.png  used on input line 53.
(pdftex.def)             Requested size: 17.99536pt x 17.56174pt.
File: UFF_brasao.png Graphic file (type png)
<use UFF_brasao.png>
Package pdftex.def Info: UFF_brasao.png  used on input line 53.
(pdftex.def)             Requested size: 18.21727pt x 20.50572pt.
[32

]
File: exemplo.png Graphic file (type png)
<use exemplo.png>
Package pdftex.def Info: exemplo.png  used on input line 76.
(pdftex.def)             Requested size: 17.99536pt x 17.56174pt.
File: UFF_brasao.png Graphic file (type png)
<use UFF_brasao.png>
Package pdftex.def Info: UFF_brasao.png  used on input line 76.
(pdftex.def)             Requested size: 18.21727pt x 20.50572pt.
[33

]
File: w-homework.png Graphic file (type png)
<use w-homework.png>
Package pdftex.def Info: w-homework.png  used on input line 96.
(pdftex.def)             Requested size: 17.98903pt x 15.84581pt.
File: UFF_brasao.png Graphic file (type png)
<use UFF_brasao.png>
Package pdftex.def Info: UFF_brasao.png  used on input line 96.
(pdftex.def)             Requested size: 18.21727pt x 20.50572pt.
[34

]
File: UFF_brasao.png Graphic file (type png)
<use UFF_brasao.png>
Package pdftex.def Info: UFF_brasao.png  used on input line 142.
(pdftex.def)             Requested size: 18.21727pt x 20.50572pt.
[35

]
File: UFF_brasao.png Graphic file (type png)
<use UFF_brasao.png>
Package pdftex.def Info: UFF_brasao.png  used on input line 239.
(pdftex.def)             Requested size: 18.21727pt x 20.50572pt.
[36

]
File: exemplo.png Graphic file (type png)
<use exemplo.png>
Package pdftex.def Info: exemplo.png  used on input line 257.
(pdftex.def)             Requested size: 17.99536pt x 17.56174pt.
File: UFF_brasao.png Graphic file (type png)
<use UFF_brasao.png>
Package pdftex.def Info: UFF_brasao.png  used on input line 257.
(pdftex.def)             Requested size: 18.21727pt x 20.50572pt.
[37

]
Overfull \vbox (0.2091pt too high) detected at line 382
 []

File: UFF_brasao.png Graphic file (type png)
<use UFF_brasao.png>
Package pdftex.def Info: UFF_brasao.png  used on input line 382.
(pdftex.def)             Requested size: 18.21727pt x 20.50572pt.
[38

]
File: UFF_brasao.png Graphic file (type png)
<use UFF_brasao.png>
Package pdftex.def Info: UFF_brasao.png  used on input line 401.
(pdftex.def)             Requested size: 18.21727pt x 20.50572pt.
[39

]
File: exemplo.png Graphic file (type png)
<use exemplo.png>
Package pdftex.def Info: exemplo.png  used on input line 417.
(pdftex.def)             Requested size: 17.99536pt x 17.56174pt.
File: UFF_brasao.png Graphic file (type png)
<use UFF_brasao.png>
Package pdftex.def Info: UFF_brasao.png  used on input line 417.
(pdftex.def)             Requested size: 18.21727pt x 20.50572pt.
[40

]
File: exemplo.png Graphic file (type png)
<use exemplo.png>
Package pdftex.def Info: exemplo.png  used on input line 434.
(pdftex.def)             Requested size: 17.99536pt x 17.56174pt.
File: UFF_brasao.png Graphic file (type png)
<use UFF_brasao.png>
Package pdftex.def Info: UFF_brasao.png  used on input line 434.
(pdftex.def)             Requested size: 18.21727pt x 20.50572pt.
[41

]
File: UFF_brasao.png Graphic file (type png)
<use UFF_brasao.png>
Package pdftex.def Info: UFF_brasao.png  used on input line 497.
(pdftex.def)             Requested size: 18.21727pt x 20.50572pt.
[42

]
File: UFF_brasao.png Graphic file (type png)
<use UFF_brasao.png>
Package pdftex.def Info: UFF_brasao.png  used on input line 513.
(pdftex.def)             Requested size: 18.21727pt x 20.50572pt.
[43

]
File: UFF_brasao.png Graphic file (type png)
<use UFF_brasao.png>
Package pdftex.def Info: UFF_brasao.png  used on input line 528.
(pdftex.def)             Requested size: 18.21727pt x 20.50572pt.
[44

]
File: UFF_brasao.png Graphic file (type png)
<use UFF_brasao.png>
Package pdftex.def Info: UFF_brasao.png  used on input line 542.
(pdftex.def)             Requested size: 18.21727pt x 20.50572pt.
[45

]
File: exemplo.png Graphic file (type png)
<use exemplo.png>
Package pdftex.def Info: exemplo.png  used on input line 553.
(pdftex.def)             Requested size: 17.99536pt x 17.56174pt.
File: UFF_brasao.png Graphic file (type png)
<use UFF_brasao.png>
Package pdftex.def Info: UFF_brasao.png  used on input line 553.
(pdftex.def)             Requested size: 18.21727pt x 20.50572pt.
[46

]
File: UFF_brasao.png Graphic file (type png)
<use UFF_brasao.png>
Package pdftex.def Info: UFF_brasao.png  used on input line 564.
(pdftex.def)             Requested size: 18.21727pt x 20.50572pt.
[47

]
File: UFF_brasao.png Graphic file (type png)
<use UFF_brasao.png>
Package pdftex.def Info: UFF_brasao.png  used on input line 575.
(pdftex.def)             Requested size: 18.21727pt x 20.50572pt.
[48

]
File: UFF_brasao.png Graphic file (type png)
<use UFF_brasao.png>
Package pdftex.def Info: UFF_brasao.png  used on input line 607.
(pdftex.def)             Requested size: 18.21727pt x 20.50572pt.
[49

]
<osc-harm.png, id=1928, 433.62pt x 289.08pt>
File: osc-harm.png Graphic file (type png)
<use osc-harm.png>
Package pdftex.def Info: osc-harm.png  used on input line 613.
(pdftex.def)             Requested size: 346.89647pt x 231.2643pt.

Overfull \hbox (4.60117pt too wide) in paragraph at lines 613--613
 [] 
 []

File: UFF_brasao.png Graphic file (type png)
<use UFF_brasao.png>
Package pdftex.def Info: UFF_brasao.png  used on input line 613.
(pdftex.def)             Requested size: 18.21727pt x 20.50572pt.
[50

 <./osc-harm.png>]
File: UFF_brasao.png Graphic file (type png)
<use UFF_brasao.png>
Package pdftex.def Info: UFF_brasao.png  used on input line 633.
(pdftex.def)             Requested size: 18.21727pt x 20.50572pt.
[51

]
<osc-super.png, id=1985, 720.5319pt x 285.4665pt>
File: osc-super.png Graphic file (type png)
<use osc-super.png>
Package pdftex.def Info: osc-super.png  used on input line 676.
(pdftex.def)             Requested size: 324.23636pt x 128.45872pt.
File: UFF_brasao.png Graphic file (type png)
<use UFF_brasao.png>
Package pdftex.def Info: UFF_brasao.png  used on input line 676.
(pdftex.def)             Requested size: 18.21727pt x 20.50572pt.
[52

 <./osc-super.png>]
<osc-subarm.png, id=2014, 433.62pt x 289.08pt>
File: osc-subarm.png Graphic file (type png)
<use osc-subarm.png>
Package pdftex.def Info: osc-subarm.png  used on input line 690.
(pdftex.def)             Requested size: 195.1272pt x 130.0848pt.

Overfull \vbox (6.20976pt too high) detected at line 690
 []

File: UFF_brasao.png Graphic file (type png)
<use UFF_brasao.png>
Package pdftex.def Info: UFF_brasao.png  used on input line 690.
(pdftex.def)             Requested size: 18.21727pt x 20.50572pt.
[53

 <./osc-subarm.png>]
<osc-critico.png, id=2044, 578.16pt x 289.08pt>
File: osc-critico.png Graphic file (type png)
<use osc-critico.png>
Package pdftex.def Info: osc-critico.png  used on input line 703.
(pdftex.def)             Requested size: 289.07928pt x 144.53964pt.
File: UFF_brasao.png Graphic file (type png)
<use UFF_brasao.png>
Package pdftex.def Info: UFF_brasao.png  used on input line 703.
(pdftex.def)             Requested size: 18.21727pt x 20.50572pt.
[54

 <./osc-critico.png>]
File: w-homework.png Graphic file (type png)
<use w-homework.png>
Package pdftex.def Info: w-homework.png  used on input line 714.
(pdftex.def)             Requested size: 17.98903pt x 15.84581pt.
File: UFF_brasao.png Graphic file (type png)
<use UFF_brasao.png>
Package pdftex.def Info: UFF_brasao.png  used on input line 714.
(pdftex.def)             Requested size: 18.21727pt x 20.50572pt.
[55

]
File: UFF_brasao.png Graphic file (type png)
<use UFF_brasao.png>
Package pdftex.def Info: UFF_brasao.png  used on input line 803.
(pdftex.def)             Requested size: 18.21727pt x 20.50572pt.
[56

]
File: exemplo.png Graphic file (type png)
<use exemplo.png>
Package pdftex.def Info: exemplo.png  used on input line 813.
(pdftex.def)             Requested size: 17.99536pt x 17.56174pt.
File: UFF_brasao.png Graphic file (type png)
<use UFF_brasao.png>
Package pdftex.def Info: UFF_brasao.png  used on input line 813.
(pdftex.def)             Requested size: 18.21727pt x 20.50572pt.
[57

]
<osc-for-ex1.png, id=2178, 578.16pt x 289.08pt>
File: osc-for-ex1.png Graphic file (type png)
<use osc-for-ex1.png>
Package pdftex.def Info: osc-for-ex1.png  used on input line 819.
(pdftex.def)             Requested size: 289.07928pt x 144.53964pt.
File: UFF_brasao.png Graphic file (type png)
<use UFF_brasao.png>
Package pdftex.def Info: UFF_brasao.png  used on input line 819.
(pdftex.def)             Requested size: 18.21727pt x 20.50572pt.
[58

 <./osc-for-ex1.png>]
File: UFF_brasao.png Graphic file (type png)
<use UFF_brasao.png>
Package pdftex.def Info: UFF_brasao.png  used on input line 840.
(pdftex.def)             Requested size: 18.21727pt x 20.50572pt.
[59

]
File: exemplo.png Graphic file (type png)
<use exemplo.png>
Package pdftex.def Info: exemplo.png  used on input line 851.
(pdftex.def)             Requested size: 17.99536pt x 17.56174pt.
File: UFF_brasao.png Graphic file (type png)
<use UFF_brasao.png>
Package pdftex.def Info: UFF_brasao.png  used on input line 851.
(pdftex.def)             Requested size: 18.21727pt x 20.50572pt.
[60

]
File: UFF_brasao.png Graphic file (type png)
<use UFF_brasao.png>
Package pdftex.def Info: UFF_brasao.png  used on input line 856.
(pdftex.def)             Requested size: 18.21727pt x 20.50572pt.
[61

]
File: UFF_brasao.png Graphic file (type png)
<use UFF_brasao.png>
Package pdftex.def Info: UFF_brasao.png  used on input line 877.
(pdftex.def)             Requested size: 18.21727pt x 20.50572pt.
[62

]
File: exemplo.png Graphic file (type png)
<use exemplo.png>
Package pdftex.def Info: exemplo.png  used on input line 891.
(pdftex.def)             Requested size: 17.99536pt x 17.56174pt.
File: UFF_brasao.png Graphic file (type png)
<use UFF_brasao.png>
Package pdftex.def Info: UFF_brasao.png  used on input line 891.
(pdftex.def)             Requested size: 18.21727pt x 20.50572pt.
[63

]
File: exemplo.png Graphic file (type png)
<use exemplo.png>
Package pdftex.def Info: exemplo.png  used on input line 907.
(pdftex.def)             Requested size: 17.99536pt x 17.56174pt.
File: UFF_brasao.png Graphic file (type png)
<use UFF_brasao.png>
Package pdftex.def Info: UFF_brasao.png  used on input line 907.
(pdftex.def)             Requested size: 18.21727pt x 20.50572pt.
[64

])
\tf@nav=\write6
\openout6 = `edo.nav'.

\tf@toc=\write7
\openout7 = `edo.toc'.

\tf@snm=\write8
\openout8 = `edo.snm'.

(./edo.aux (./intro.aux) (./1a_ordem.aux) (./2a_ordem_linear.aux))
 ***********
LaTeX2e <2023-11-01> patch level 1
L3 programming layer <2024-01-22>
 ***********
Package rerunfilecheck Info: File `edo.out' has not changed.
(rerunfilecheck)             Checksum: 46BBA628E07D948DC64A88FEBF66BF51;1244.
 ) 
Here is how much of TeX's memory you used:
 39060 strings out of 474222
 924485 string characters out of 5748733
 1947975 words of memory out of 5000000
 60460 multiletter control sequences out of 15000+600000
 571299 words of font info for 87 fonts, out of 8000000 for 9000
 1141 hyphenation exceptions out of 8191
 128i,16n,123p,726b,2133s stack positions out of 10000i,1000n,20000p,200000b,200000s
</usr/share/texlive/texmf-dist/fonts/type1/public/amsfonts/cm/cmex10.pfb></us
r/share/texlive/texmf-dist/fonts/type1/public/amsfonts/cmextra/cmex8.pfb></usr/
share/texlive/texmf-dist/fonts/type1/public/amsfonts/cm/cmmi10.pfb></usr/share/
texlive/texmf-dist/fonts/type1/public/amsfonts/cm/cmmi6.pfb></usr/share/texlive
/texmf-dist/fonts/type1/public/amsfonts/cm/cmmi8.pfb></usr/share/texlive/texmf-
dist/fonts/type1/public/amsfonts/cm/cmr10.pfb></usr/share/texlive/texmf-dist/fo
nts/type1/public/amsfonts/cm/cmr6.pfb></usr/share/texlive/texmf-dist/fonts/type
1/public/amsfonts/cm/cmr8.pfb></usr/share/texlive/texmf-dist/fonts/type1/public
/amsfonts/cm/cmss10.pfb></usr/share/texlive/texmf-dist/fonts/type1/public/amsfo
nts/cm/cmss12.pfb></usr/share/texlive/texmf-dist/fonts/type1/public/amsfonts/cm
/cmss8.pfb></usr/share/texlive/texmf-dist/fonts/type1/public/amsfonts/cm/cmss9.
pfb></usr/share/texlive/texmf-dist/fonts/type1/public/amsfonts/cm/cmssbx10.pfb>
</usr/share/texlive/texmf-dist/fonts/type1/public/amsfonts/cm/cmssi10.pfb></usr
/share/texlive/texmf-dist/fonts/type1/public/amsfonts/cm/cmsy10.pfb></usr/share
/texlive/texmf-dist/fonts/type1/public/amsfonts/cm/cmsy6.pfb></usr/share/texliv
e/texmf-dist/fonts/type1/public/amsfonts/cm/cmsy8.pfb></usr/share/texlive/texmf
-dist/fonts/type1/public/amsfonts/symbols/msbm10.pfb></usr/share/texmf/fonts/ty
pe1/public/cm-super/sfss1095.pfb></usr/share/texmf/fonts/type1/public/cm-super/
sfss1440.pfb>
Output written on edo.pdf (64 pages, 1446443 bytes).
PDF statistics:
 2523 PDF objects out of 2984 (max. 8388607)
 2026 compressed objects within 21 object streams
 139 named destinations out of 1000 (max. 500000)
 1820 words of extra memory for PDF output out of 10000 (max. 10000000)

